#
# There is insufficient memory for the Java Runtime Environment to continue.
# Native memory allocation (malloc) failed to allocate 1572016 bytes for Chunk::new
# Possible reasons:
#   The system is out of physical RAM or swap space
#   In 32 bit mode, the process size limit was hit
# Possible solutions:
#   Reduce memory load on the system
#   Increase physical memory or swap space
#   Check if swap backing store is full
#   Use 64 bit Java on a 64 bit OS
#   Decrease Java heap size (-Xmx/-Xms)
#   Decrease number of Java threads
#   Decrease Java thread stack sizes (-Xss)
#   Set larger code cache with -XX:ReservedCodeCacheSize=
# This output file may be truncated or incomplete.
#
#  Out of Memory Error (allocation.cpp:388), pid=12432, tid=5948
#
# JRE version: Java(TM) SE Runtime Environment (8.0_11-b12) (build 1.8.0_11-b12)
# Java VM: Java HotSpot(TM) 64-Bit Server VM (25.11-b03 mixed mode windows-amd64 compressed oops)
# Failed to write core dump. Minidumps are not enabled by default on client versions of Windows
#

---------------  T H R E A D  ---------------

Current thread (0x0000000054cdc000):  JavaThread "C2 CompilerThread0" daemon [_thread_in_native, id=5948, stack(0x0000000055e90000,0x0000000055f90000)]

Stack: [0x0000000055e90000,0x0000000055f90000]
Native frames: (J=compiled Java code, j=interpreted, Vv=VM code, C=native code)
V  [jvm.dll+0x308eca]
V  [jvm.dll+0x25e121]
V  [jvm.dll+0x25ed33]
V  [jvm.dll+0x256705]
V  [jvm.dll+0xbd2b5]
V  [jvm.dll+0xbd75c]
V  [jvm.dll+0x44d772]
V  [jvm.dll+0x48e3cf]
V  [jvm.dll+0x4423f5]
V  [jvm.dll+0x4439eb]
V  [jvm.dll+0x427722]
V  [jvm.dll+0x96982]
V  [jvm.dll+0x97173]
V  [jvm.dll+0x2234b4]
V  [jvm.dll+0x27bcca]
C  [msvcr100.dll+0x21d9f]
C  [msvcr100.dll+0x21e3b]
C  [kernel32.dll+0x159ed]
C  [ntdll.dll+0x2c541]


Current CompileTask:
C2:24813354 15567       4       org.gradle.internal.graph.CachingDirectedGraphWalker::doSearch (638 bytes)


---------------  P R O C E S S  ---------------

Java Threads: ( => current thread )
  0x0000000056e1d800 JavaThread "Stdin handler" [_thread_blocked, id=1220, stack(0x000000005de10000,0x000000005df10000)]
  0x0000000056e1f800 JavaThread "Cancel handler" [_thread_blocked, id=12456, stack(0x0000000057b40000,0x0000000057c40000)]
  0x0000000056e1f000 JavaThread "Handler for socket connection from /127.0.0.1:21543 to /127.0.0.1:24846" [_thread_in_native, id=3784, stack(0x00000000574a0000,0x00000000575a0000)]
  0x0000000056e1a800 JavaThread "Daemon worker Thread 15" [_thread_in_native, id=10132, stack(0x000000005e5e0000,0x000000005e6e0000)]
  0x0000000056e1b000 JavaThread "Daemon Thread 15" [_thread_blocked, id=2772, stack(0x00000000577e0000,0x00000000578e0000)]
  0x0000000058445000 JavaThread "File lock request listener" [_thread_in_native, id=12936, stack(0x000000005a920000,0x000000005aa20000)]
  0x0000000056bc6000 JavaThread "Incoming local TCP Connector on port 21543" [_thread_in_native, id=3988, stack(0x0000000057120000,0x0000000057220000)]
  0x0000000056208800 JavaThread "Service Thread" daemon [_thread_blocked, id=9440, stack(0x0000000056600000,0x0000000056700000)]
  0x0000000054ce1800 JavaThread "C1 CompilerThread1" daemon [_thread_blocked, id=11160, stack(0x00000000560f0000,0x00000000561f0000)]
=>0x0000000054cdc000 JavaThread "C2 CompilerThread0" daemon [_thread_in_native, id=5948, stack(0x0000000055e90000,0x0000000055f90000)]
  0x0000000054cda800 JavaThread "Attach Listener" daemon [_thread_blocked, id=7004, stack(0x0000000055c40000,0x0000000055d40000)]
  0x0000000054cd9000 JavaThread "Signal Dispatcher" daemon [_thread_blocked, id=10920, stack(0x0000000055d40000,0x0000000055e40000)]
  0x0000000054c7b000 JavaThread "Finalizer" daemon [_thread_blocked, id=5736, stack(0x0000000055af0000,0x0000000055bf0000)]
  0x0000000054c6f800 JavaThread "Reference Handler" daemon [_thread_blocked, id=12192, stack(0x0000000055870000,0x0000000055970000)]
  0x0000000002250000 JavaThread "main" [_thread_blocked, id=3204, stack(0x0000000002550000,0x0000000002650000)]

Other Threads:
  0x0000000054c6c000 VMThread [stack: 0x00000000556f0000,0x00000000557f0000] [id=1720]
  0x000000005620a000 WatcherThread [stack: 0x0000000055fa0000,0x00000000560a0000] [id=5896]

VM state:not at safepoint (normal execution)

VM Mutex/Monitor currently owned by a thread: None

Heap:
 PSYoungGen      total 213504K, used 191039K [0x00000000eab00000, 0x00000000fb500000, 0x0000000100000000)
  eden space 181760K, 87% used [0x00000000eab00000,0x00000000f46905f8,0x00000000f5c80000)
  from space 31744K, 99% used [0x00000000f8000000,0x00000000f9eff7b0,0x00000000f9f00000)
  to   space 36352K, 0% used [0x00000000f5c80000,0x00000000f5c80000,0x00000000f8000000)
 ParOldGen       total 155648K, used 134071K [0x00000000c0000000, 0x00000000c9800000, 0x00000000eab00000)
  object space 155648K, 86% used [0x00000000c0000000,0x00000000c82edd70,0x00000000c9800000)
 Metaspace       used 152420K, capacity 161404K, committed 161792K, reserved 1187840K
  class space    used 20834K, capacity 23845K, committed 24064K, reserved 1048576K

Card table byte_map: [0x0000000011ce0000,0x0000000011ef0000] byte_map_base: 0x00000000116e0000

Marking Bits: (ParMarkBitMap*) 0x000000005be312b0
 Begin Bits: [0x0000000012140000, 0x0000000013140000)
 End Bits:   [0x0000000013140000, 0x0000000014140000)

Polling page: 0x0000000000440000

CodeCache: size=245760Kb used=48212Kb max_used=48212Kb free=197547Kb
 bounds [0x0000000002920000, 0x0000000005870000, 0x0000000011920000]
 total_blobs=12852 nmethods=12120 adapters=644
 compilation: enabled

Compilation events (10 events):
Event: 24803.915 Thread 0x0000000054ce1800 nmethod 15565 0x00000000058646d0 code [0x0000000005864860, 0x0000000005864c78]
Event: 24803.915 Thread 0x0000000054ce1800 15563       1       com.android.build.gradle.internal.variant.BaseVariantData::getVariantConfiguration (5 bytes)
Event: 24803.916 Thread 0x0000000054ce1800 nmethod 15563 0x0000000005851e50 code [0x0000000005851fa0, 0x00000000058520b0]
Event: 24804.000 Thread 0x0000000054ce1800 15566 %     3       java.util.TimSort::mergeLo @ 153 (659 bytes)
Event: 24804.003 Thread 0x0000000054ce1800 nmethod 15566% 0x000000000585a150 code [0x000000000585a460, 0x000000000585c618]
Event: 24804.129 Thread 0x0000000054cdc000 15567       4       org.gradle.internal.graph.CachingDirectedGraphWalker::doSearch (638 bytes)
Event: 24804.197 Thread 0x0000000054ce1800 15568       3       com.android.build.gradle.BasePlugin::$getCallSiteArray (40 bytes)
Event: 24804.200 Thread 0x0000000054ce1800 nmethod 15568 0x000000000586a1d0 code [0x000000000586a3a0, 0x000000000586ab78]
Event: 24804.204 Thread 0x0000000054ce1800 15570       3       com.google.common.cache.LongAddables::create (12 bytes)
Event: 24804.205 Thread 0x0000000054ce1800 nmethod 15570 0x0000000005859950 code [0x0000000005859ae0, 0x0000000005859f10]

GC Heap History (10 events):
Event: 24719.857 GC heap before
{Heap before GC invocations=135 (full 25):
 PSYoungGen      total 205824K, used 169984K [0x00000000eab00000, 0x00000000fa100000, 0x0000000100000000)
  eden space 169984K, 100% used [0x00000000eab00000,0x00000000f5100000,0x00000000f5100000)
  from space 35840K, 0% used [0x00000000f5100000,0x00000000f5100000,0x00000000f7400000)
  to   space 34304K, 0% used [0x00000000f7f80000,0x00000000f7f80000,0x00000000fa100000)
 ParOldGen       total 131072K, used 125266K [0x00000000c0000000, 0x00000000c8000000, 0x00000000eab00000)
  object space 131072K, 95% used [0x00000000c0000000,0x00000000c7a54ae0,0x00000000c8000000)
 Metaspace       used 138078K, capacity 145187K, committed 147200K, reserved 1175552K
  class space    used 18629K, capacity 21045K, committed 21760K, reserved 1048576K
Event: 24724.141 GC heap after
Heap after GC invocations=135 (full 25):
 PSYoungGen      total 218624K, used 18218K [0x00000000eab00000, 0x00000000fa200000, 0x0000000100000000)
  eden space 184320K, 0% used [0x00000000eab00000,0x00000000eab00000,0x00000000f5f00000)
  from space 34304K, 53% used [0x00000000f7f80000,0x00000000f914ab38,0x00000000fa100000)
  to   space 33280K, 0% used [0x00000000f5f00000,0x00000000f5f00000,0x00000000f7f80000)
 ParOldGen       total 131072K, used 125266K [0x00000000c0000000, 0x00000000c8000000, 0x00000000eab00000)
  object space 131072K, 95% used [0x00000000c0000000,0x00000000c7a54ae0,0x00000000c8000000)
 Metaspace       used 138078K, capacity 145187K, committed 147200K, reserved 1175552K
  class space    used 18629K, capacity 21045K, committed 21760K, reserved 1048576K
}
Event: 24733.187 GC heap before
{Heap before GC invocations=136 (full 25):
 PSYoungGen      total 218624K, used 79423K [0x00000000eab00000, 0x00000000fa200000, 0x0000000100000000)
  eden space 184320K, 33% used [0x00000000eab00000,0x00000000ee6c53d8,0x00000000f5f00000)
  from space 34304K, 53% used [0x00000000f7f80000,0x00000000f914ab38,0x00000000fa100000)
  to   space 33280K, 0% used [0x00000000f5f00000,0x00000000f5f00000,0x00000000f7f80000)
 ParOldGen       total 131072K, used 125266K [0x00000000c0000000, 0x00000000c8000000, 0x00000000eab00000)
  object space 131072K, 95% used [0x00000000c0000000,0x00000000c7a54ae0,0x00000000c8000000)
 Metaspace       used 139911K, capacity 147132K, committed 148992K, reserved 1175552K
  class space    used 18928K, capacity 21346K, committed 22016K, reserved 1048576K
Event: 24736.934 GC heap after
Heap after GC invocations=136 (full 25):
 PSYoungGen      total 217600K, used 20030K [0x00000000eab00000, 0x00000000f9f00000, 0x0000000100000000)
  eden space 184320K, 0% used [0x00000000eab00000,0x00000000eab00000,0x00000000f5f00000)
  from space 33280K, 60% used [0x00000000f5f00000,0x00000000f728faf0,0x00000000f7f80000)
  to   space 31744K, 0% used [0x00000000f8000000,0x00000000f8000000,0x00000000f9f00000)
 ParOldGen       total 131072K, used 125274K [0x00000000c0000000, 0x00000000c8000000, 0x00000000eab00000)
  object space 131072K, 95% used [0x00000000c0000000,0x00000000c7a56ae0,0x00000000c8000000)
 Metaspace       used 139911K, capacity 147132K, committed 148992K, reserved 1175552K
  class space    used 18928K, capacity 21346K, committed 22016K, reserved 1048576K
}
Event: 24736.934 GC heap before
{Heap before GC invocations=137 (full 26):
 PSYoungGen      total 217600K, used 20030K [0x00000000eab00000, 0x00000000f9f00000, 0x0000000100000000)
  eden space 184320K, 0% used [0x00000000eab00000,0x00000000eab00000,0x00000000f5f00000)
  from space 33280K, 60% used [0x00000000f5f00000,0x00000000f728faf0,0x00000000f7f80000)
  to   space 31744K, 0% used [0x00000000f8000000,0x00000000f8000000,0x00000000f9f00000)
 ParOldGen       total 131072K, used 125274K [0x00000000c0000000, 0x00000000c8000000, 0x00000000eab00000)
  object space 131072K, 95% used [0x00000000c0000000,0x00000000c7a56ae0,0x00000000c8000000)
 Metaspace       used 139911K, capacity 147132K, committed 148992K, reserved 1175552K
  class space    used 18928K, capacity 21346K, committed 22016K, reserved 1048576K
Event: 24738.202 GC heap after
Heap after GC invocations=137 (full 26):
 PSYoungGen      total 217600K, used 11979K [0x00000000eab00000, 0x00000000f9f00000, 0x0000000100000000)
  eden space 184320K, 0% used [0x00000000eab00000,0x00000000eab00000,0x00000000f5f00000)
  from space 33280K, 35% used [0x00000000f5f00000,0x00000000f6ab2c80,0x00000000f7f80000)
  to   space 31744K, 0% used [0x00000000f8000000,0x00000000f8000000,0x00000000f9f00000)
 ParOldGen       total 131072K, used 130733K [0x00000000c0000000, 0x00000000c8000000, 0x00000000eab00000)
  object space 131072K, 99% used [0x00000000c0000000,0x00000000c7fab798,0x00000000c8000000)
 Metaspace       used 139878K, capacity 147018K, committed 148992K, reserved 1175552K
  class space    used 18920K, capacity 21312K, committed 22016K, reserved 1048576K
}
Event: 24778.630 GC heap before
{Heap before GC invocations=138 (full 27):
 PSYoungGen      total 217600K, used 196299K [0x00000000eab00000, 0x00000000f9f00000, 0x0000000100000000)
  eden space 184320K, 100% used [0x00000000eab00000,0x00000000f5f00000,0x00000000f5f00000)
  from space 33280K, 35% used [0x00000000f5f00000,0x00000000f6ab2c80,0x00000000f7f80000)
  to   space 31744K, 0% used [0x00000000f8000000,0x00000000f8000000,0x00000000f9f00000)
 ParOldGen       total 131072K, used 130733K [0x00000000c0000000, 0x00000000c8000000, 0x00000000eab00000)
  object space 131072K, 99% used [0x00000000c0000000,0x00000000c7fab798,0x00000000c8000000)
 Metaspace       used 142838K, capacity 150696K, committed 152320K, reserved 1179648K
  class space    used 19311K, capacity 21970K, committed 22528K, reserved 1048576K
Event: 24783.379 GC heap after
Heap after GC invocations=138 (full 27):
 PSYoungGen      total 217600K, used 19801K [0x00000000eab00000, 0x00000000f9f00000, 0x0000000100000000)
  eden space 184320K, 10% used [0x00000000eab00000,0x00000000ebe567c0,0x00000000f5f00000)
  from space 33280K, 0% used [0x00000000f5f00000,0x00000000f5f00000,0x00000000f7f80000)
  to   space 31744K, 0% used [0x00000000f8000000,0x00000000f8000000,0x00000000f9f00000)
 ParOldGen       total 155648K, used 131066K [0x00000000c0000000, 0x00000000c9800000, 0x00000000eab00000)
  object space 155648K, 84% used [0x00000000c0000000,0x00000000c7ffe9a8,0x00000000c9800000)
 Metaspace       used 142838K, capacity 150696K, committed 152320K, reserved 1179648K
  class space    used 19311K, capacity 21970K, committed 22528K, reserved 1048576K
}
Event: 24796.717 GC heap before
{Heap before GC invocations=139 (full 27):
 PSYoungGen      total 217600K, used 184320K [0x00000000eab00000, 0x00000000f9f00000, 0x0000000100000000)
  eden space 184320K, 100% used [0x00000000eab00000,0x00000000f5f00000,0x00000000f5f00000)
  from space 33280K, 0% used [0x00000000f5f00000,0x00000000f5f00000,0x00000000f7f80000)
  to   space 31744K, 0% used [0x00000000f8000000,0x00000000f8000000,0x00000000f9f00000)
 ParOldGen       total 155648K, used 131066K [0x00000000c0000000, 0x00000000c9800000, 0x00000000eab00000)
  object space 155648K, 84% used [0x00000000c0000000,0x00000000c7ffe9a8,0x00000000c9800000)
 Metaspace       used 146689K, capacity 155157K, committed 155776K, reserved 1181696K
  class space    used 19981K, capacity 22827K, committed 23168K, reserved 1048576K
Event: 24799.269 GC heap after
Heap after GC invocations=139 (full 27):
 PSYoungGen      total 213504K, used 31741K [0x00000000eab00000, 0x00000000fb500000, 0x0000000100000000)
  eden space 181760K, 0% used [0x00000000eab00000,0x00000000eab00000,0x00000000f5c80000)
  from space 31744K, 99% used [0x00000000f8000000,0x00000000f9eff7b0,0x00000000f9f00000)
  to   space 36352K, 0% used [0x00000000f5c80000,0x00000000f5c80000,0x00000000f8000000)
 ParOldGen       total 155648K, used 134071K [0x00000000c0000000, 0x00000000c9800000, 0x00000000eab00000)
  object space 155648K, 86% used [0x00000000c0000000,0x00000000c82edd70,0x00000000c9800000)
 Metaspace       used 146689K, capacity 155157K, committed 155776K, reserved 1181696K
  class space    used 19981K, capacity 22827K, committed 23168K, reserved 1048576K
}

Deoptimization events (10 events):
Event: 24789.899 Thread 0x0000000056e1a800 Uncommon trap: reason=class_check action=maybe_recompile pc=0x0000000005814050 method=org.gradle.api.internal.file.collections.DefaultFileCollectionResolveContext$FileCollectionConverter.convertInto(Ljava/lang/Object;Ljava/util/Collection;Lorg/gradle/api/iy-ñ&²8Ø@
Event: 24802.784 Thread 0x0000000056e1a800 Uncommon trap: reason=bimorphic action=maybe_recompile pc=0x0000000005848134 method=org.gradle.api.internal.artifacts.ivyservice.resolveengine.ModuleVersionSpec.forExcludes(Ljava/util/Collection;)Lorg/gradle/api/internal/artifacts/ivyservice/resolveengine/{T(²8Ø@
Event: 24802.784 Thread 0x0000000056e1a800 Uncommon trap: reason=bimorphic action=maybe_recompile pc=0x0000000005848134 method=org.gradle.api.internal.artifacts.ivyservice.resolveengine.ModuleVersionSpec.forExcludes(Ljava/util/Collection;)Lorg/gradle/api/internal/artifacts/ivyservice/resolveengine/kxp×³8Ø@
Event: 24802.810 Thread 0x0000000056e1a800 Uncommon trap: reason=bimorphic action=maybe_recompile pc=0x0000000005848134 method=org.gradle.api.internal.artifacts.ivyservice.resolveengine.ModuleVersionSpec.forExcludes(Ljava/util/Collection;)Lorg/gradle/api/internal/artifacts/ivyservice/resolveengine/a&žX¹8Ø@
Event: 24802.896 Thread 0x0000000056e1a800 Uncommon trap: reason=bimorphic action=maybe_recompile pc=0x0000000005848134 method=org.gradle.api.internal.artifacts.ivyservice.resolveengine.ModuleVersionSpec.forExcludes(Ljava/util/Collection;)Lorg/gradle/api/internal/artifacts/ivyservice/resolveengine/»KÒùã8Ø@
Event: 24803.562 Thread 0x0000000056e1a800 Uncommon trap: reason=array_check action=maybe_recompile pc=0x0000000005862464 method=java.util.TimSort.mergeLo(IIII)V @ 212
Event: 24803.562 Thread 0x0000000056e1a800 Uncommon trap: reason=array_check action=maybe_recompile pc=0x0000000005862464 method=java.util.TimSort.mergeLo(IIII)V @ 212
Event: 24803.698 Thread 0x0000000056e1a800 Uncommon trap: reason=array_check action=maybe_recompile pc=0x000000000560d51c method=java.util.TimSort.mergeLo(IIII)V @ 212
Event: 24803.792 Thread 0x0000000056e1a800 Uncommon trap: reason=array_check action=maybe_recompile pc=0x000000000586879c method=java.util.TimSort.mergeLo(IIII)V @ 245
Event: 24803.792 Thread 0x0000000056e1a800 Uncommon trap: reason=array_check action=maybe_recompile pc=0x000000000586879c method=java.util.TimSort.mergeLo(IIII)V @ 245

Internal exceptions (10 events):
Event: 24804.097 Thread 0x0000000056e1a800 Exception <a 'java/security/PrivilegedActionException'> (0x00000000f41699e8) thrown at [C:\re\workspace\8-2-build-windows-amd64-cygwin\jdk8u11\648\hotspot\src\share\vm\prims\jvm.cpp, line 1248]
Event: 24804.097 Thread 0x0000000056e1a800 Exception <a 'java/security/PrivilegedActionException'> (0x00000000f416aff8) thrown at [C:\re\workspace\8-2-build-windows-amd64-cygwin\jdk8u11\648\hotspot\src\share\vm\prims\jvm.cpp, line 1248]
Event: 24804.097 Thread 0x0000000056e1a800 Exception <a 'java/security/PrivilegedActionException'> (0x00000000f416c5e0) thrown at [C:\re\workspace\8-2-build-windows-amd64-cygwin\jdk8u11\648\hotspot\src\share\vm\prims\jvm.cpp, line 1248]
Event: 24804.098 Thread 0x0000000056e1a800 Exception <a 'java/security/PrivilegedActionException'> (0x00000000f41741e0) thrown at [C:\re\workspace\8-2-build-windows-amd64-cygwin\jdk8u11\648\hotspot\src\share\vm\prims\jvm.cpp, line 1248]
Event: 24804.098 Thread 0x0000000056e1a800 Exception <a 'java/lang/ClassNotFoundException': com/android/build/gradle/internal/dependency/ManifestDependencyImplBeanInfo> (0x00000000f4174a98) thrown at [C:\re\workspace\8-2-build-windows-amd64-cygwin\jdk8u11\648\hotspot\src\share\vm\classfile\systemDiFD¶B9Ø@
Event: 24804.098 Thread 0x0000000056e1a800 Exception <a 'java/security/PrivilegedActionException'> (0x00000000f417ad48) thrown at [C:\re\workspace\8-2-build-windows-amd64-cygwin\jdk8u11\648\hotspot\src\share\vm\prims\jvm.cpp, line 1248]
Event: 24804.098 Thread 0x0000000056e1a800 Exception <a 'java/security/PrivilegedActionException'> (0x00000000f417c390) thrown at [C:\re\workspace\8-2-build-windows-amd64-cygwin\jdk8u11\648\hotspot\src\share\vm\prims\jvm.cpp, line 1248]
Event: 24804.098 Thread 0x0000000056e1a800 Exception <a 'java/security/PrivilegedActionException'> (0x00000000f417d990) thrown at [C:\re\workspace\8-2-build-windows-amd64-cygwin\jdk8u11\648\hotspot\src\share\vm\prims\jvm.cpp, line 1248]
Event: 24804.098 Thread 0x0000000056e1a800 Exception <a 'java/security/PrivilegedActionException'> (0x00000000f4185720) thrown at [C:\re\workspace\8-2-build-windows-amd64-cygwin\jdk8u11\648\hotspot\src\share\vm\prims\jvm.cpp, line 1248]
Event: 24804.098 Thread 0x0000000056e1a800 Exception <a 'java/lang/ClassNotFoundException': com/android/build/gradle/internal/dependency/ManifestDependencyImplCustomizer> (0x00000000f4185e50) thrown at [C:\re\workspace\8-2-build-windows-amd64-cygwin\jdk8u11\648\hotspot\src\share\vm\classfile\systemûÖI99Ø@

Events (10 events):
Event: 24804.096 loading class groovy/runtime/metaclass/com/android/build/gradle/internal/dependency/ManifestDependencyImplMetaClass
Event: 24804.096 loading class groovy/runtime/metaclass/com/android/build/gradle/internal/dependency/ManifestDependencyImplMetaClass done
Event: 24804.097 loading class com/android/build/gradle/internal/dependency/ManifestDependencyImplBeanInfo
Event: 24804.097 loading class com/android/build/gradle/internal/dependency/ManifestDependencyImplBeanInfo done
Event: 24804.098 loading class com/android/build/gradle/internal/dependency/ManifestDependencyImplBeanInfo
Event: 24804.098 loading class com/android/build/gradle/internal/dependency/ManifestDependencyImplBeanInfo done
Event: 24804.098 loading class com/android/build/gradle/internal/dependency/ManifestDependencyImplCustomizer
Event: 24804.098 loading class com/android/build/gradle/internal/dependency/ManifestDependencyImplCustomizer done
Event: 24804.098 loading class com/android/build/gradle/internal/dependency/ManifestDependencyImplCustomizer
Event: 24804.098 loading class com/android/build/gradle/internal/dependency/ManifestDependencyImplCustomizer done


Dynamic libraries:
0x000000013f3b0000 - 0x000000013f3e4000 	C:\Program Files\Java\jdk1.8.0_11\bin\java.exe
0x00000000775a0000 - 0x0000000077749000 	C:\Windows\SYSTEM32\ntdll.dll
0x0000000077380000 - 0x000000007749f000 	C:\Windows\system32\kernel32.dll
0x000007fefd3c0000 - 0x000007fefd42c000 	C:\Windows\system32\KERNELBASE.dll
0x000007fefd880000 - 0x000007fefd95b000 	C:\Windows\system32\ADVAPI32.dll
0x000007fefea00000 - 0x000007fefea9f000 	C:\Windows\system32\msvcrt.dll
0x000007fefdb90000 - 0x000007fefdbaf000 	C:\Windows\SYSTEM32\sechost.dll
0x000007feff230000 - 0x000007feff35d000 	C:\Windows\system32\RPCRT4.dll
0x00000000774a0000 - 0x000000007759a000 	C:\Windows\system32\USER32.dll
0x000007fefe940000 - 0x000007fefe9a7000 	C:\Windows\system32\GDI32.dll
0x000007fefead0000 - 0x000007fefeade000 	C:\Windows\system32\LPK.dll
0x000007feff7e0000 - 0x000007feff8a9000 	C:\Windows\system32\USP10.dll
0x000007fefb800000 - 0x000007fefb9f4000 	C:\Windows\WinSxS\amd64_microsoft.windows.common-controls_6595b64144ccf1df_6.0.7601.17514_none_fa396087175ac9ac\COMCTL32.dll
0x000007fefd720000 - 0x000007fefd791000 	C:\Windows\system32\SHLWAPI.dll
0x000007fefeaa0000 - 0x000007fefeace000 	C:\Windows\system32\IMM32.DLL
0x000007fefeae0000 - 0x000007fefebe9000 	C:\Windows\system32\MSCTF.dll
0x0000000066ee0000 - 0x0000000066fb2000 	C:\Program Files\Java\jdk1.8.0_11\jre\bin\msvcr100.dll
0x000000005b680000 - 0x000000005beaa000 	C:\Program Files\Java\jdk1.8.0_11\jre\bin\server\jvm.dll
0x000007fef90f0000 - 0x000007fef90f9000 	C:\Windows\system32\WSOCK32.dll
0x000007fefe9b0000 - 0x000007fefe9fd000 	C:\Windows\system32\WS2_32.dll
0x000007feff360000 - 0x000007feff368000 	C:\Windows\system32\NSI.dll
0x000007fefb280000 - 0x000007fefb2bb000 	C:\Windows\system32\WINMM.dll
0x0000000077770000 - 0x0000000077777000 	C:\Windows\system32\PSAPI.DLL
0x0000000074950000 - 0x000000007495f000 	C:\Program Files\Java\jdk1.8.0_11\jre\bin\verify.dll
0x0000000074920000 - 0x0000000074948000 	C:\Program Files\Java\jdk1.8.0_11\jre\bin\java.dll
0x0000000074900000 - 0x0000000074916000 	C:\Program Files\Java\jdk1.8.0_11\jre\bin\zip.dll
0x000007fefdbb0000 - 0x000007fefe938000 	C:\Windows\system32\SHELL32.dll
0x000007feff370000 - 0x000007feff573000 	C:\Windows\system32\ole32.dll
0x000007fefd360000 - 0x000007fefd36f000 	C:\Windows\system32\profapi.dll
0x000007fefcd40000 - 0x000007fefcd57000 	C:\Windows\system32\CRYPTSP.dll
0x000007fefc850000 - 0x000007fefc897000 	C:\Windows\system32\rsaenh.dll
0x000007fefd510000 - 0x000007fefd52e000 	C:\Windows\system32\USERENV.dll
0x000007fefd1c0000 - 0x000007fefd1cf000 	C:\Windows\system32\CRYPTBASE.dll
0x0000000074890000 - 0x00000000748aa000 	C:\Program Files\Java\jdk1.8.0_11\jre\bin\net.dll
0x000007fefcaf0000 - 0x000007fefcb45000 	C:\Windows\system32\mswsock.dll
0x000007fefccd0000 - 0x000007fefccd7000 	C:\Windows\System32\wship6.dll
0x000007fefa060000 - 0x000007fefa087000 	C:\Windows\system32\IPHLPAPI.DLL
0x000007fefa040000 - 0x000007fefa04b000 	C:\Windows\system32\WINNSI.DLL
0x000007fef9ba0000 - 0x000007fef9bb8000 	C:\Windows\system32\dhcpcsvc.DLL
0x000007fef9b80000 - 0x000007fef9b91000 	C:\Windows\system32\dhcpcsvc6.DLL
0x0000000074870000 - 0x0000000074881000 	C:\Program Files\Java\jdk1.8.0_11\jre\bin\nio.dll
0x000007fefa380000 - 0x000007fefa392000 	C:\Users\frutos\AppData\Local\Temp\native-platform4939173950197859000dir\native-platform.dll
0x000007fefd160000 - 0x000007fefd1b7000 	C:\Windows\system32\apphelp.dll
0x0000000074730000 - 0x0000000074754000 	C:\Program Files\Java\jdk1.8.0_11\jre\bin\sunec.dll
0x000007fefc6d0000 - 0x000007fefc6d7000 	C:\Windows\System32\wshtcpip.dll
0x000007fefca30000 - 0x000007fefca8b000 	C:\Windows\system32\DNSAPI.dll
0x000007fef86d0000 - 0x000007fef86ff000 	C:\Program Files\Common Files\Microsoft Shared\Windows Live\WLIDNSP.DLL
0x000000006fa70000 - 0x000000006fa96000 	C:\Program Files\Bonjour\mdnsNSP.dll
0x000007fef86c0000 - 0x000007fef86c8000 	C:\Windows\system32\rasadhlp.dll
0x000007fef9bd0000 - 0x000007fef9c23000 	C:\Windows\System32\fwpuclnt.dll
0x000007fefbe00000 - 0x000007fefbe15000 	C:\Windows\system32\NLAapi.dll
0x000007fef68c0000 - 0x000007fef68d5000 	C:\Windows\system32\napinsp.dll
0x000007fef68a0000 - 0x000007fef68b9000 	C:\Windows\system32\pnrpnsp.dll
0x000007fef6890000 - 0x000007fef68a0000 	C:\Windows\system32\wshbth.dll
0x000007fef6880000 - 0x000007fef688b000 	C:\Windows\System32\winrnr.dll
0x000007fefb090000 - 0x000007fefb1b5000 	C:\Windows\system32\dbghelp.dll

VM Arguments:
jvm_args: -XX:MaxPermSize=256m -XX:+HeapDumpOnOutOfMemoryError -Xmx1024m -Dfile.encoding=windows-1252 -Duser.country=ES -Duser.language=es -Duser.variant 
java_command: org.gradle.launcher.daemon.bootstrap.GradleDaemon 2.2.1 C:\Users\frutos\.gradle\daemon 10800000 ee9d0a61-dd4c-46de-9b9f-81fa6c6b307c -XX:MaxPermSize=256m -XX:+HeapDumpOnOutOfMemoryError -Xmx1024m -Dfile.encoding=windows-1252 -Duser.country=ES -Duser.language=es -Duser.variant
java_class_path (initial): C:\Users\frutos\.gradle\wrapper\dists\gradle-2.2.1-all\c64ydeuardnfqctvr1gm30w53\gradle-2.2.1\lib\gradle-launcher-2.2.1.jar
Launcher Type: SUN_STANDARD

Environment Variables:
JAVA_HOME=C:\Program Files\Java\jdk1.8.0_11
PATH=C:\ProgramData\Oracle\Java\javapath;C:\Program Files (x86)\PC Connectivity Solution\;C:\Program Files\Common Files\Microsoft Shared\Windows Live;C:\Program Files (x86)\Common Files\Microsoft Shared\Windows Live;C:\Windows\system32;C:\Windows;C:\Windows\System32\Wbem;C:\Windows\System32\WindowsPowerShell\v1.0\;C:\Program Files\WIDCOMM\Bluetooth Software\;C:\Program Files\WIDCOMM\Bluetooth Software\syswow64;c:\Program Files (x86)\ATI Technologies\ATI.ACE\Core-Static;C:\Program Files (x86)\Common Files\Roxio Shared\10.0\DLLShared\;C:\Program Files (x86)\Common Files\Roxio Shared\DLLShared\;C:\Program Files\Intel\WiFi\bin\;C:\Program Files\Common Files\Intel\WirelessCommon\;c:\Program Files (x86)\Microsoft SQL Server\100\Tools\Binn\VSShell\Common7\IDE\;c:\Program Files (x86)\Microsoft SQL Server\100\Tools\Binn\;c:\Program Files\Microsoft SQL Server\100\Tools\Binn\;c:\Program Files (x86)\Microsoft SQL Server\100\DTS\Binn\;c:\Program Files\Microsoft SQL Server\100\DTS\Binn\;C:\Program Files (x86)\Google\Google Apps Migration\;C:\Program Files (x86)\Windows Live\Shared;C:\Program Files\Microsoft\Web Platform Installer\;C:\Program Files (x86)\Google\Google Apps Sync\;C:\Program Files (x86)\010 Editor;C:\Program Files\Google\Google Apps Migration\;C:\Program Files\Google\Google Apps Sync\;C:\Program Files (x86)\QuickTime\QTSystem\;C:\Python34\
USERNAME=frutos
OS=Windows_NT
PROCESSOR_IDENTIFIER=Intel64 Family 6 Model 23 Stepping 10, GenuineIntel



---------------  S Y S T E M  ---------------

OS: Windows 7 , 64 bit Build 7601 Service Pack 1

CPU:total 2 (2 cores per cpu, 1 threads per core) family 6 model 23 stepping 10, cmov, cx8, fxsr, mmx, sse, sse2, sse3, ssse3, sse4.1, tsc

Memory: 4k page, physical 4160536k(426280k free), swap 8033584k(5940k free)

vm_info: Java HotSpot(TM) 64-Bit Server VM (25.11-b03) for windows-amd64 JRE (1.8.0_11-b12), built on Jun 16 2014 20:57:32 by "java_re" with MS VC++ 10.0 (VS2010)

time: Sat Dec 13 22:57:07 2014
elapsed time: 24805 seconds

