#
# There is insufficient memory for the Java Runtime Environment to continue.
# Native memory allocation (malloc) failed to allocate 261200 bytes for Chunk::new
# Possible reasons:
#   The system is out of physical RAM or swap space
#   In 32 bit mode, the process size limit was hit
# Possible solutions:
#   Reduce memory load on the system
#   Increase physical memory or swap space
#   Check if swap backing store is full
#   Use 64 bit Java on a 64 bit OS
#   Decrease Java heap size (-Xmx/-Xms)
#   Decrease number of Java threads
#   Decrease Java thread stack sizes (-Xss)
#   Set larger code cache with -XX:ReservedCodeCacheSize=
# This output file may be truncated or incomplete.
#
#  Out of Memory Error (allocation.cpp:388), pid=7532, tid=6716
#
# JRE version: Java(TM) SE Runtime Environment (8.0_11-b12) (build 1.8.0_11-b12)
# Java VM: Java HotSpot(TM) 64-Bit Server VM (25.11-b03 mixed mode windows-amd64 compressed oops)
# Failed to write core dump. Minidumps are not enabled by default on client versions of Windows
#

---------------  T H R E A D  ---------------

Current thread (0x0000000054efa800):  JavaThread "C2 CompilerThread0" daemon [_thread_in_native, id=6716, stack(0x00000000560c0000,0x00000000561c0000)]

Stack: [0x00000000560c0000,0x00000000561c0000]
Native frames: (J=compiled Java code, j=interpreted, Vv=VM code, C=native code)
V  [jvm.dll+0x308eca]


Current CompileTask:
C2:   5520 1708       4       com.android.dx.ssa.DeadCodeRemover::isCircularNoSideEffect (140 bytes)


---------------  P R O C E S S  ---------------

Java Threads: ( => current thread )
  0x0000000054f45800 JavaThread "Service Thread" daemon [_thread_blocked, id=8904, stack(0x0000000056380000,0x0000000056480000)]
  0x0000000054f41000 JavaThread "C1 CompilerThread1" daemon [_thread_blocked, id=12076, stack(0x0000000056200000,0x0000000056300000)]
=>0x0000000054efa800 JavaThread "C2 CompilerThread0" daemon [_thread_in_native, id=6716, stack(0x00000000560c0000,0x00000000561c0000)]
  0x0000000054ef9800 JavaThread "Attach Listener" daemon [_thread_blocked, id=12212, stack(0x0000000055de0000,0x0000000055ee0000)]
  0x0000000054ef6000 JavaThread "Signal Dispatcher" daemon [_thread_blocked, id=8008, stack(0x0000000055ee0000,0x0000000055fe0000)]
  0x0000000054e9a800 JavaThread "Finalizer" daemon [_thread_blocked, id=7636, stack(0x0000000055c80000,0x0000000055d80000)]
  0x0000000054e8f800 JavaThread "Reference Handler" daemon [_thread_blocked, id=10484, stack(0x0000000055a90000,0x0000000055b90000)]
  0x00000000022ce800 JavaThread "main" [_thread_in_Java, id=5728, stack(0x00000000023f0000,0x00000000024f0000)]

Other Threads:
  0x0000000054e8c000 VMThread [stack: 0x0000000055930000,0x0000000055a30000] [id=4784]
  0x0000000054f4a800 WatcherThread [stack: 0x0000000056510000,0x0000000056610000] [id=11844]

VM state:not at safepoint (normal execution)

VM Mutex/Monitor currently owned by a thread: None

Heap:
 PSYoungGen      total 56320K, used 42536K [0x00000000eab00000, 0x00000000eea80000, 0x0000000100000000)
  eden space 50688K, 73% used [0x00000000eab00000,0x00000000ecf93840,0x00000000edc80000)
  from space 5632K, 90% used [0x00000000ee300000,0x00000000ee7f6a28,0x00000000ee880000)
  to   space 6656K, 0% used [0x00000000edc80000,0x00000000edc80000,0x00000000ee300000)
 ParOldGen       total 64000K, used 23344K [0x00000000c0000000, 0x00000000c3e80000, 0x00000000eab00000)
  object space 64000K, 36% used [0x00000000c0000000,0x00000000c16cc3e0,0x00000000c3e80000)
 Metaspace       used 5610K, capacity 6896K, committed 7040K, reserved 1056768K
  class space    used 560K, capacity 616K, committed 640K, reserved 1048576K

Card table byte_map: [0x0000000011b80000,0x0000000011d90000] byte_map_base: 0x0000000011580000

Marking Bits: (ParMarkBitMap*) 0x000000005be312b0
 Begin Bits: [0x0000000012360000, 0x0000000013360000)
 End Bits:   [0x0000000013360000, 0x0000000014360000)

Polling page: 0x0000000000230000

CodeCache: size=245760Kb used=6528Kb max_used=6548Kb free=239231Kb
 bounds [0x00000000027c0000, 0x0000000002e30000, 0x00000000117c0000]
 total_blobs=1960 nmethods=1701 adapters=174
 compilation: enabled

Compilation events (10 events):
Event: 5.433 Thread 0x0000000054efa800 nmethod 1656 0x0000000002e1c010 code [0x0000000002e1c560, 0x0000000002e20b60]
Event: 5.434 Thread 0x0000000054efa800 1731       4       com.android.dx.rop.code.RegisterSpecSet::intersect (117 bytes)
Event: 5.443 Thread 0x0000000054efa800 nmethod 1731 0x0000000002e181d0 code [0x0000000002e18360, 0x0000000002e18920]
Event: 5.443 Thread 0x0000000054efa800 1705       4       java.util.ArrayList::remove (77 bytes)
Event: 5.446 Thread 0x0000000054f41000 1732       2       com.android.dx.rop.code.RegisterSpec::compareTo (9 bytes)
Event: 5.446 Thread 0x0000000054f41000 nmethod 1732 0x0000000002e1bc50 code [0x0000000002e1bdc0, 0x0000000002e1bf68]
Event: 5.450 Thread 0x0000000054efa800 nmethod 1705 0x0000000002e1a0d0 code [0x0000000002e1a220, 0x0000000002e1a5b8]
Event: 5.450 Thread 0x0000000054efa800 1586   !   4       com.android.dx.rop.code.BasicBlock::<init> (273 bytes)
Event: 5.460 Thread 0x0000000054efa800 nmethod 1586 0x0000000002e19390 code [0x0000000002e19500, 0x0000000002e19998]
Event: 5.460 Thread 0x0000000054efa800 1708       4       com.android.dx.ssa.DeadCodeRemover::isCircularNoSideEffect (140 bytes)

GC Heap History (10 events):
Event: 3.596 GC heap before
{Heap before GC invocations=16 (full 0):
 PSYoungGen      total 18432K, used 18432K [0x00000000eab00000, 0x00000000ecb00000, 0x0000000100000000)
  eden space 16384K, 100% used [0x00000000eab00000,0x00000000ebb00000,0x00000000ebb00000)
  from space 2048K, 100% used [0x00000000ebb00000,0x00000000ebd00000,0x00000000ebd00000)
  to   space 3072K, 0% used [0x00000000ec800000,0x00000000ec800000,0x00000000ecb00000)
 ParOldGen       total 64000K, used 7539K [0x00000000c0000000, 0x00000000c3e80000, 0x00000000eab00000)
  object space 64000K, 11% used [0x00000000c0000000,0x00000000c075ce60,0x00000000c3e80000)
 Metaspace       used 5564K, capacity 6896K, committed 7040K, reserved 1056768K
  class space    used 560K, capacity 616K, committed 640K, reserved 1048576K
Event: 3.618 GC heap after
Heap after GC invocations=16 (full 0):
 PSYoungGen      total 29696K, used 2208K [0x00000000eab00000, 0x00000000ecb00000, 0x0000000100000000)
  eden space 26624K, 0% used [0x00000000eab00000,0x00000000eab00000,0x00000000ec500000)
  from space 3072K, 71% used [0x00000000ec800000,0x00000000eca28010,0x00000000ecb00000)
  to   space 3072K, 0% used [0x00000000ec500000,0x00000000ec500000,0x00000000ec800000)
 ParOldGen       total 64000K, used 9593K [0x00000000c0000000, 0x00000000c3e80000, 0x00000000eab00000)
  object space 64000K, 14% used [0x00000000c0000000,0x00000000c095e468,0x00000000c3e80000)
 Metaspace       used 5564K, capacity 6896K, committed 7040K, reserved 1056768K
  class space    used 560K, capacity 616K, committed 640K, reserved 1048576K
}
Event: 3.900 GC heap before
{Heap before GC invocations=17 (full 0):
 PSYoungGen      total 29696K, used 28832K [0x00000000eab00000, 0x00000000ecb00000, 0x0000000100000000)
  eden space 26624K, 100% used [0x00000000eab00000,0x00000000ec500000,0x00000000ec500000)
  from space 3072K, 71% used [0x00000000ec800000,0x00000000eca28010,0x00000000ecb00000)
  to   space 3072K, 0% used [0x00000000ec500000,0x00000000ec500000,0x00000000ec800000)
 ParOldGen       total 64000K, used 9593K [0x00000000c0000000, 0x00000000c3e80000, 0x00000000eab00000)
  object space 64000K, 14% used [0x00000000c0000000,0x00000000c095e468,0x00000000c3e80000)
 Metaspace       used 5566K, capacity 6896K, committed 7040K, reserved 1056768K
  class space    used 560K, capacity 616K, committed 640K, reserved 1048576K
Event: 3.955 GC heap after
Heap after GC invocations=17 (full 0):
 PSYoungGen      total 29696K, used 3072K [0x00000000eab00000, 0x00000000ed880000, 0x0000000100000000)
  eden space 26624K, 0% used [0x00000000eab00000,0x00000000eab00000,0x00000000ec500000)
  from space 3072K, 100% used [0x00000000ec500000,0x00000000ec800000,0x00000000ec800000)
  to   space 4608K, 0% used [0x00000000ed400000,0x00000000ed400000,0x00000000ed880000)
 ParOldGen       total 64000K, used 12192K [0x00000000c0000000, 0x00000000c3e80000, 0x00000000eab00000)
  object space 64000K, 19% used [0x00000000c0000000,0x00000000c0be83b8,0x00000000c3e80000)
 Metaspace       used 5566K, capacity 6896K, committed 7040K, reserved 1056768K
  class space    used 560K, capacity 616K, committed 640K, reserved 1048576K
}
Event: 4.243 GC heap before
{Heap before GC invocations=18 (full 0):
 PSYoungGen      total 29696K, used 29696K [0x00000000eab00000, 0x00000000ed880000, 0x0000000100000000)
  eden space 26624K, 100% used [0x00000000eab00000,0x00000000ec500000,0x00000000ec500000)
  from space 3072K, 100% used [0x00000000ec500000,0x00000000ec800000,0x00000000ec800000)
  to   space 4608K, 0% used [0x00000000ed400000,0x00000000ed400000,0x00000000ed880000)
 ParOldGen       total 64000K, used 12192K [0x00000000c0000000, 0x00000000c3e80000, 0x00000000eab00000)
  object space 64000K, 19% used [0x00000000c0000000,0x00000000c0be83b8,0x00000000c3e80000)
 Metaspace       used 5586K, capacity 6896K, committed 7040K, reserved 1056768K
  class space    used 560K, capacity 616K, committed 640K, reserved 1048576K
Event: 4.307 GC heap after
Heap after GC invocations=18 (full 0):
 PSYoungGen      total 41472K, used 3456K [0x00000000eab00000, 0x00000000ed980000, 0x0000000100000000)
  eden space 36864K, 0% used [0x00000000eab00000,0x00000000eab00000,0x00000000ecf00000)
  from space 4608K, 75% used [0x00000000ed400000,0x00000000ed760000,0x00000000ed880000)
  to   space 5120K, 0% used [0x00000000ecf00000,0x00000000ecf00000,0x00000000ed400000)
 ParOldGen       total 64000K, used 15303K [0x00000000c0000000, 0x00000000c3e80000, 0x00000000eab00000)
  object space 64000K, 23% used [0x00000000c0000000,0x00000000c0ef1ed0,0x00000000c3e80000)
 Metaspace       used 5586K, capacity 6896K, committed 7040K, reserved 1056768K
  class space    used 560K, capacity 616K, committed 640K, reserved 1048576K
}
Event: 4.666 GC heap before
{Heap before GC invocations=19 (full 0):
 PSYoungGen      total 41472K, used 40320K [0x00000000eab00000, 0x00000000ed980000, 0x0000000100000000)
  eden space 36864K, 100% used [0x00000000eab00000,0x00000000ecf00000,0x00000000ecf00000)
  from space 4608K, 75% used [0x00000000ed400000,0x00000000ed760000,0x00000000ed880000)
  to   space 5120K, 0% used [0x00000000ecf00000,0x00000000ecf00000,0x00000000ed400000)
 ParOldGen       total 64000K, used 15303K [0x00000000c0000000, 0x00000000c3e80000, 0x00000000eab00000)
  object space 64000K, 23% used [0x00000000c0000000,0x00000000c0ef1ed0,0x00000000c3e80000)
 Metaspace       used 5599K, capacity 6896K, committed 7040K, reserved 1056768K
  class space    used 560K, capacity 616K, committed 640K, reserved 1048576K
Event: 4.740 GC heap after
Heap after GC invocations=19 (full 0):
 PSYoungGen      total 41984K, used 5002K [0x00000000eab00000, 0x00000000ee880000, 0x0000000100000000)
  eden space 36864K, 0% used [0x00000000eab00000,0x00000000eab00000,0x00000000ecf00000)
  from space 5120K, 97% used [0x00000000ecf00000,0x00000000ed3e29d0,0x00000000ed400000)
  to   space 5632K, 0% used [0x00000000ee300000,0x00000000ee300000,0x00000000ee880000)
 ParOldGen       total 64000K, used 18539K [0x00000000c0000000, 0x00000000c3e80000, 0x00000000eab00000)
  object space 64000K, 28% used [0x00000000c0000000,0x00000000c121ae28,0x00000000c3e80000)
 Metaspace       used 5599K, capacity 6896K, committed 7040K, reserved 1056768K
  class space    used 560K, capacity 616K, committed 640K, reserved 1048576K
}
Event: 5.097 GC heap before
{Heap before GC invocations=20 (full 0):
 PSYoungGen      total 41984K, used 41866K [0x00000000eab00000, 0x00000000ee880000, 0x0000000100000000)
  eden space 36864K, 100% used [0x00000000eab00000,0x00000000ecf00000,0x00000000ecf00000)
  from space 5120K, 97% used [0x00000000ecf00000,0x00000000ed3e29d0,0x00000000ed400000)
  to   space 5632K, 0% used [0x00000000ee300000,0x00000000ee300000,0x00000000ee880000)
 ParOldGen       total 64000K, used 18539K [0x00000000c0000000, 0x00000000c3e80000, 0x00000000eab00000)
  object space 64000K, 28% used [0x00000000c0000000,0x00000000c121ae28,0x00000000c3e80000)
 Metaspace       used 5604K, capacity 6896K, committed 7040K, reserved 1056768K
  class space    used 560K, capacity 616K, committed 640K, reserved 1048576K
Event: 5.132 GC heap after
Heap after GC invocations=20 (full 0):
 PSYoungGen      total 56320K, used 5082K [0x00000000eab00000, 0x00000000eea80000, 0x0000000100000000)
  eden space 50688K, 0% used [0x00000000eab00000,0x00000000eab00000,0x00000000edc80000)
  from space 5632K, 90% used [0x00000000ee300000,0x00000000ee7f6a28,0x00000000ee880000)
  to   space 6656K, 0% used [0x00000000edc80000,0x00000000edc80000,0x00000000ee300000)
 ParOldGen       total 64000K, used 23344K [0x00000000c0000000, 0x00000000c3e80000, 0x00000000eab00000)
  object space 64000K, 36% used [0x00000000c0000000,0x00000000c16cc3e0,0x00000000c3e80000)
 Metaspace       used 5604K, capacity 6896K, committed 7040K, reserved 1056768K
  class space    used 560K, capacity 616K, committed 640K, reserved 1048576K
}

Deoptimization events (10 events):
Event: 3.961 Thread 0x00000000022ce800 Uncommon trap: reason=class_check action=maybe_recompile pc=0x0000000002d4232c method=java.util.HashMap.putVal(ILjava/lang/Object;Ljava/lang/Object;ZZ)Ljava/lang/Object; @ 203
Event: 3.961 Thread 0x00000000022ce800 Uncommon trap: reason=class_check action=maybe_recompile pc=0x0000000002d4232c method=java.util.HashMap.putVal(ILjava/lang/Object;Ljava/lang/Object;ZZ)Ljava/lang/Object; @ 203
Event: 3.961 Thread 0x00000000022ce800 Uncommon trap: reason=class_check action=maybe_recompile pc=0x0000000002d4232c method=java.util.HashMap.putVal(ILjava/lang/Object;Ljava/lang/Object;ZZ)Ljava/lang/Object; @ 203
Event: 4.182 Thread 0x00000000022ce800 Uncommon trap: reason=bimorphic action=maybe_recompile pc=0x0000000002d1d3ac method=com.android.dx.cf.code.BytecodeArray.parseInstruction(ILcom/android/dx/cf/code/BytecodeArray$Visitor;)I @ 1067
Event: 4.182 Thread 0x00000000022ce800 Uncommon trap: reason=bimorphic action=maybe_recompile pc=0x0000000002d1d3ac method=com.android.dx.cf.code.BytecodeArray.parseInstruction(ILcom/android/dx/cf/code/BytecodeArray$Visitor;)I @ 1067
Event: 4.182 Thread 0x00000000022ce800 Uncommon trap: reason=bimorphic action=maybe_recompile pc=0x0000000002d1d3ac method=com.android.dx.cf.code.BytecodeArray.parseInstruction(ILcom/android/dx/cf/code/BytecodeArray$Visitor;)I @ 1067
Event: 4.182 Thread 0x00000000022ce800 Uncommon trap: reason=bimorphic action=maybe_recompile pc=0x0000000002d1d3ac method=com.android.dx.cf.code.BytecodeArray.parseInstruction(ILcom/android/dx/cf/code/BytecodeArray$Visitor;)I @ 1067
Event: 4.191 Thread 0x00000000022ce800 Uncommon trap: reason=unreached action=reinterpret pc=0x0000000002d422e0 method=java.util.HashMap.putVal(ILjava/lang/Object;Ljava/lang/Object;ZZ)Ljava/lang/Object; @ 109
Event: 5.258 Thread 0x00000000022ce800 Uncommon trap: reason=bimorphic action=maybe_recompile pc=0x0000000002d8231c method=java.util.HashMap.getNode(ILjava/lang/Object;)Ljava/util/HashMap$Node; @ 126
Event: 5.406 Thread 0x00000000022ce800 Uncommon trap: reason=bimorphic action=maybe_recompile pc=0x0000000002d8231c method=java.util.HashMap.getNode(ILjava/lang/Object;)Ljava/util/HashMap$Node; @ 126

Internal exceptions (5 events):
Event: 0.060 Thread 0x00000000022ce800 Exception <a 'java/lang/NoSuchMethodError': Method sun.misc.Unsafe.defineClass(Ljava/lang/String;[BII)Ljava/lang/Class; name or signature does not match> (0x00000000eab0f728) thrown at [C:\re\workspace\8-2-build-windows-amd64-cygwin\jdk8u11\648\hotspot\src›>ÒU8ó®?
Event: 0.060 Thread 0x00000000022ce800 Exception <a 'java/lang/NoSuchMethodError': Method sun.misc.Unsafe.prefetchRead(Ljava/lang/Object;J)V name or signature does not match> (0x00000000eab0fa10) thrown at [C:\re\workspace\8-2-build-windows-amd64-cygwin\jdk8u11\648\hotspot\src\share\vm\prims\jnÝ1R¥‡‚@
Event: 3.564 Thread 0x00000000022ce800 Exception <a 'java/lang/ArrayIndexOutOfBoundsException': 18> (0x00000000eb87da40) thrown at [C:\re\workspace\8-2-build-windows-amd64-cygwin\jdk8u11\648\hotspot\src\share\vm\interpreter\interpreterRuntime.cpp, line 337]
Event: 3.565 Thread 0x00000000022ce800 Exception <a 'java/lang/ArrayIndexOutOfBoundsException'> (0x00000000eb87f4d8) thrown at [C:\re\workspace\8-2-build-windows-amd64-cygwin\jdk8u11\648\hotspot\src\share\vm\runtime\sharedRuntime.cpp, line 595]
Event: 3.565 Thread 0x00000000022ce800 Exception <a 'java/lang/ArrayIndexOutOfBoundsException'> (0x00000000eb8806f0) thrown at [C:\re\workspace\8-2-build-windows-amd64-cygwin\jdk8u11\648\hotspot\src\share\vm\runtime\sharedRuntime.cpp, line 595]

Events (10 events):
Event: 4.864 Thread 0x00000000022ce800 DEOPT PACKING pc=0x0000000002cb7884 sp=0x00000000024ee5f0
Event: 4.864 Thread 0x00000000022ce800 DEOPT UNPACKING pc=0x0000000002807204 sp=0x00000000024ee318 mode 0
Event: 5.097 Executing VM operation: ParallelGCFailedAllocation
Event: 5.132 Executing VM operation: ParallelGCFailedAllocation done
Event: 5.258 Thread 0x00000000022ce800 Uncommon trap: trap_request=0xffffffc6 fr.pc=0x0000000002d8231c
Event: 5.259 Thread 0x00000000022ce800 DEOPT PACKING pc=0x0000000002d8231c sp=0x00000000024ee390
Event: 5.259 Thread 0x00000000022ce800 DEOPT UNPACKING pc=0x00000000028073ef sp=0x00000000024ee2a8 mode 2
Event: 5.406 Thread 0x00000000022ce800 Uncommon trap: trap_request=0xffffffc6 fr.pc=0x0000000002d8231c
Event: 5.406 Thread 0x00000000022ce800 DEOPT PACKING pc=0x0000000002d8231c sp=0x00000000024ee390
Event: 5.406 Thread 0x00000000022ce800 DEOPT UNPACKING pc=0x00000000028073ef sp=0x00000000024ee2a8 mode 2


Dynamic libraries:
0x000000013fad0000 - 0x000000013fb04000 	C:\PROGRA~1\Java\JDK18~1.0_1\bin\java.exe
0x00000000775a0000 - 0x0000000077749000 	C:\Windows\SYSTEM32\ntdll.dll
0x0000000077380000 - 0x000000007749f000 	C:\Windows\system32\kernel32.dll
0x000007fefd3c0000 - 0x000007fefd42c000 	C:\Windows\system32\KERNELBASE.dll
0x000007fefd880000 - 0x000007fefd95b000 	C:\Windows\system32\ADVAPI32.dll
0x000007fefea00000 - 0x000007fefea9f000 	C:\Windows\system32\msvcrt.dll
0x000007fefdb90000 - 0x000007fefdbaf000 	C:\Windows\SYSTEM32\sechost.dll
0x000007feff230000 - 0x000007feff35d000 	C:\Windows\system32\RPCRT4.dll
0x00000000774a0000 - 0x000000007759a000 	C:\Windows\system32\USER32.dll
0x000007fefe940000 - 0x000007fefe9a7000 	C:\Windows\system32\GDI32.dll
0x000007fefead0000 - 0x000007fefeade000 	C:\Windows\system32\LPK.dll
0x000007feff7e0000 - 0x000007feff8a9000 	C:\Windows\system32\USP10.dll
0x000007fefb800000 - 0x000007fefb9f4000 	C:\Windows\WinSxS\amd64_microsoft.windows.common-controls_6595b64144ccf1df_6.0.7601.17514_none_fa396087175ac9ac\COMCTL32.dll
0x000007fefd720000 - 0x000007fefd791000 	C:\Windows\system32\SHLWAPI.dll
0x000007fefeaa0000 - 0x000007fefeace000 	C:\Windows\system32\IMM32.DLL
0x000007fefeae0000 - 0x000007fefebe9000 	C:\Windows\system32\MSCTF.dll
0x00000000741f0000 - 0x00000000742c2000 	C:\PROGRA~1\Java\JDK18~1.0_1\jre\bin\msvcr100.dll
0x000000005b680000 - 0x000000005beaa000 	C:\PROGRA~1\Java\JDK18~1.0_1\jre\bin\server\jvm.dll
0x000007fef90f0000 - 0x000007fef90f9000 	C:\Windows\system32\WSOCK32.dll
0x000007fefe9b0000 - 0x000007fefe9fd000 	C:\Windows\system32\WS2_32.dll
0x000007feff360000 - 0x000007feff368000 	C:\Windows\system32\NSI.dll
0x000007fefb280000 - 0x000007fefb2bb000 	C:\Windows\system32\WINMM.dll
0x0000000077770000 - 0x0000000077777000 	C:\Windows\system32\PSAPI.DLL
0x0000000074950000 - 0x000000007495f000 	C:\PROGRA~1\Java\JDK18~1.0_1\jre\bin\verify.dll
0x0000000074920000 - 0x0000000074948000 	C:\PROGRA~1\Java\JDK18~1.0_1\jre\bin\java.dll
0x0000000074900000 - 0x0000000074916000 	C:\PROGRA~1\Java\JDK18~1.0_1\jre\bin\zip.dll
0x000007fefdbb0000 - 0x000007fefe938000 	C:\Windows\system32\SHELL32.dll
0x000007feff370000 - 0x000007feff573000 	C:\Windows\system32\ole32.dll
0x000007fefd360000 - 0x000007fefd36f000 	C:\Windows\system32\profapi.dll

VM Arguments:
jvm_args: -Xmx1024M -Xss1m -Djava.ext.dirs=C:\Users\frutos\AppData\Local\Android\sdk\build-tools\21.1.2\lib 
java_command: C:\Users\frutos\AppData\Local\Android\sdk\build-tools\21.1.2\lib\dx.jar --dex --output C:\Users\frutos\AndroidStudioProjects\SlidingMenu\app\build\intermediates\pre-dexed\debug\core-3.1.0-374293a71bbc76fa115ae959917ad8d90665a72b.jar C:\Users\frutos\AndroidStudioProjects\SlidingMenu\app\libs\core-3.1.0.jar
java_class_path (initial): C:\Users\frutos\AppData\Local\Android\sdk\build-tools\21.1.2\lib\dx.jar
Launcher Type: SUN_STANDARD

Environment Variables:
JAVA_HOME=C:\Program Files\Java\jdk1.8.0_11
PATH=C:\ProgramData\Oracle\Java\javapath;C:\Program Files (x86)\PC Connectivity Solution\;C:\Program Files\Common Files\Microsoft Shared\Windows Live;C:\Program Files (x86)\Common Files\Microsoft Shared\Windows Live;C:\Windows\system32;C:\Windows;C:\Windows\System32\Wbem;C:\Windows\System32\WindowsPowerShell\v1.0\;C:\Program Files\WIDCOMM\Bluetooth Software\;C:\Program Files\WIDCOMM\Bluetooth Software\syswow64;c:\Program Files (x86)\ATI Technologies\ATI.ACE\Core-Static;C:\Program Files (x86)\Common Files\Roxio Shared\10.0\DLLShared\;C:\Program Files (x86)\Common Files\Roxio Shared\DLLShared\;C:\Program Files\Intel\WiFi\bin\;C:\Program Files\Common Files\Intel\WirelessCommon\;c:\Program Files (x86)\Microsoft SQL Server\100\Tools\Binn\VSShell\Common7\IDE\;c:\Program Files (x86)\Microsoft SQL Server\100\Tools\Binn\;c:\Program Files\Microsoft SQL Server\100\Tools\Binn\;c:\Program Files (x86)\Microsoft SQL Server\100\DTS\Binn\;c:\Program Files\Microsoft SQL Server\100\DTS\Binn\;C:\Program Files (x86)\Google\Google Apps Migration\;C:\Program Files (x86)\Windows Live\Shared;C:\Program Files\Microsoft\Web Platform Installer\;C:\Program Files (x86)\Google\Google Apps Sync\;C:\Program Files (x86)\010 Editor;C:\Program Files\Google\Google Apps Migration\;C:\Program Files\Google\Google Apps Sync\;C:\Program Files (x86)\QuickTime\QTSystem\;C:\Python34\
USERNAME=frutos
OS=Windows_NT
PROCESSOR_IDENTIFIER=Intel64 Family 6 Model 23 Stepping 10, GenuineIntel



---------------  S Y S T E M  ---------------

OS: Windows 7 , 64 bit Build 7601 Service Pack 1

CPU:total 2 (2 cores per cpu, 1 threads per core) family 6 model 23 stepping 10, cmov, cx8, fxsr, mmx, sse, sse2, sse3, ssse3, sse4.1, tsc

Memory: 4k page, physical 4160536k(547372k free), swap 8033584k(5120k free)

vm_info: Java HotSpot(TM) 64-Bit Server VM (25.11-b03) for windows-amd64 JRE (1.8.0_11-b12), built on Jun 16 2014 20:57:32 by "java_re" with MS VC++ 10.0 (VS2010)

time: Sat Dec 13 22:59:54 2014
elapsed time: 5 seconds

